#
# There is insufficient memory for the Java Runtime Environment to continue.
# Native memory allocation (mmap) failed to map 65536 bytes for Failed to commit area from 0x0000016eeba70000 to 0x0000016eeba80000 of length 65536.
# Possible reasons:
#   The system is out of physical RAM or swap space
#   The process is running with CompressedOops enabled, and the Java Heap may be blocking the growth of the native heap
# Possible solutions:
#   Reduce memory load on the system
#   Increase physical memory or swap space
#   Check if swap backing store is full
#   Decrease Java heap size (-Xmx/-Xms)
#   Decrease number of Java threads
#   Decrease Java thread stack sizes (-Xss)
#   Set larger code cache with -XX:ReservedCodeCacheSize=
# This output file may be truncated or incomplete.
#
#  Out of Memory Error (./src/hotspot/os/windows/os_windows.cpp:3311), pid=8156, tid=8124
#
# JRE version:  (11.0.13+8) (build )
# Java VM: OpenJDK 64-Bit Server VM (11.0.13+8-LTS, mixed mode, sharing, tiered, compressed oops, g1 gc, windows-amd64)
# No core dump will be written. Minidumps are not enabled by default on client versions of Windows
#

---------------  S U M M A R Y ------------

Command Line: -javaagent:C:\IntelliJ IDEA Community Edition 2021.3\lib\idea_rt.jar=59359:C:\IntelliJ IDEA Community Edition 2021.3\bin -Dfile.encoding=UTF-8 NoDuplo.Main

Host: Intel(R) Core(TM) i3 CPU       M 380  @ 2.53GHz, 4 cores, 3G,  Windows 10 , 64 bit Build 19041 (10.0.19041.1348)
Time: Sat Jan  8 10:36:56 2022 Hora oficial do Brasil elapsed time: 0.284903 seconds (0d 0h 0m 0s)

---------------  T H R E A D  ---------------

Current thread (0x0000016ed0d18800):  JavaThread "Unknown thread" [_thread_in_vm, id=8124, stack(0x0000002720300000,0x0000002720400000)]

Stack: [0x0000002720300000,0x0000002720400000]
Native frames: (J=compiled Java code, j=interpreted, Vv=VM code, C=native code)
V  [jvm.dll+0x62373a]
V  [jvm.dll+0x7b0769]
V  [jvm.dll+0x7b1e2f]
V  [jvm.dll+0x7b2503]
V  [jvm.dll+0x253658]
V  [jvm.dll+0x620a3a]
V  [jvm.dll+0x6152b5]
V  [jvm.dll+0x30bcac]
V  [jvm.dll+0x30bb32]
V  [jvm.dll+0x310970]
V  [jvm.dll+0x356455]
V  [jvm.dll+0x355e60]
V  [jvm.dll+0x2e87c8]
V  [jvm.dll+0x2e9926]
V  [jvm.dll+0x78a4c7]
V  [jvm.dll+0x78bc51]
V  [jvm.dll+0x3631b9]
V  [jvm.dll+0x76d370]
V  [jvm.dll+0x3d1ecf]
V  [jvm.dll+0x3d4261]
C  [jli.dll+0x5207]
C  [ucrtbase.dll+0x21bb2]
C  [KERNEL32.DLL+0x17034]
C  [ntdll.dll+0x52651]


---------------  P R O C E S S  ---------------

Threads class SMR info:
_java_thread_list=0x0000016ed0b500b0, length=0, elements={
}

Java Threads: ( => current thread )

Other Threads:
  0x0000016ed0d32000 GCTaskThread "GC Thread#0" [stack: 0x0000002720400000,0x0000002720500000] [id=8476]
  0x0000016ed0d4b000 ConcurrentGCThread "G1 Main Marker" [stack: 0x0000002720500000,0x0000002720600000] [id=7668]
  0x0000016ed0d4d000 ConcurrentGCThread "G1 Conc#0" [stack: 0x0000002720600000,0x0000002720700000] [id=8000]

[error occurred during error reporting (printing all threads), id 0xc0000005, EXCEPTION_ACCESS_VIOLATION (0xc0000005) at pc=0x00007ff97d5483a7]

VM state:not at safepoint (not fully initialized)

VM Mutex/Monitor currently owned by a thread:  ([mutex/lock_event])
[0x0000016ed0d15d60] Heap_lock - owner thread: 0x0000016ed0d18800

Heap address: 0x00000000c3200000, size: 974 MB, Compressed Oops mode: Non-zero based: 0x00000000c3200000
Narrow klass base: 0x0000000000000000, Narrow klass shift: 0

GC Heap History (0 events):
No events

Deoptimization events (0 events):
No events

Classes redefined (0 events):
No events

Internal exceptions (0 events):
No events

Events (1 events):
Event: 0.116 Loaded shared library C:\Program Files (x86)\Java\zulu11.52.13-ca-jdk11.0.13-win_x64\bin\zip.dll


Dynamic libraries:
0x00007ff7bf110000 - 0x00007ff7bf11d000 	C:\Program Files (x86)\Java\zulu11.52.13-ca-jdk11.0.13-win_x64\bin\java.exe
0x00007ff9bcbf0000 - 0x00007ff9bcde5000 	C:\WINDOWS\SYSTEM32\ntdll.dll
0x00007ff9bbd50000 - 0x00007ff9bbe0e000 	C:\WINDOWS\System32\KERNEL32.DLL
0x00007ff9ba510000 - 0x00007ff9ba7d8000 	C:\WINDOWS\System32\KERNELBASE.dll
0x00007ff9ba890000 - 0x00007ff9ba990000 	C:\WINDOWS\System32\ucrtbase.dll
0x00007ff9add70000 - 0x00007ff9add85000 	C:\Program Files (x86)\Java\zulu11.52.13-ca-jdk11.0.13-win_x64\bin\VCRUNTIME140.dll
0x00007ff9add90000 - 0x00007ff9adda7000 	C:\Program Files (x86)\Java\zulu11.52.13-ca-jdk11.0.13-win_x64\bin\jli.dll
0x00007ff9bbea0000 - 0x00007ff9bc041000 	C:\WINDOWS\System32\USER32.dll
0x00007ff9ba9e0000 - 0x00007ff9baa02000 	C:\WINDOWS\System32\win32u.dll
0x00007ff9bbca0000 - 0x00007ff9bbccb000 	C:\WINDOWS\System32\GDI32.dll
0x00007ff9ba360000 - 0x00007ff9ba46d000 	C:\WINDOWS\System32\gdi32full.dll
0x00007ff9ba470000 - 0x00007ff9ba50d000 	C:\WINDOWS\System32\msvcp_win.dll
0x00007ff9aa490000 - 0x00007ff9aa72a000 	C:\WINDOWS\WinSxS\amd64_microsoft.windows.common-controls_6595b64144ccf1df_6.0.19041.1110_none_60b5254171f9507e\COMCTL32.dll
0x00007ff9bc8b0000 - 0x00007ff9bc94e000 	C:\WINDOWS\System32\msvcrt.dll
0x00007ff9bbe70000 - 0x00007ff9bbea0000 	C:\WINDOWS\System32\IMM32.DLL
0x00007ff9aae60000 - 0x00007ff9aaefb000 	C:\Program Files (x86)\Java\zulu11.52.13-ca-jdk11.0.13-win_x64\bin\msvcp140.dll
0x00007ff97d250000 - 0x00007ff97ddda000 	C:\Program Files (x86)\Java\zulu11.52.13-ca-jdk11.0.13-win_x64\bin\server\jvm.dll
0x00007ff9bc950000 - 0x00007ff9bc9fc000 	C:\WINDOWS\System32\ADVAPI32.dll
0x00007ff9bb970000 - 0x00007ff9bba0b000 	C:\WINDOWS\System32\sechost.dll
0x00007ff9bb6e0000 - 0x00007ff9bb80a000 	C:\WINDOWS\System32\RPCRT4.dll
0x00007ff9bb960000 - 0x00007ff9bb968000 	C:\WINDOWS\System32\PSAPI.DLL
0x00007ff9acc50000 - 0x00007ff9acc77000 	C:\WINDOWS\SYSTEM32\WINMM.dll
0x00007ff9b31f0000 - 0x00007ff9b31f9000 	C:\WINDOWS\SYSTEM32\WSOCK32.dll
0x00007ff9ac210000 - 0x00007ff9ac21a000 	C:\WINDOWS\SYSTEM32\VERSION.dll
0x00007ff9bbb50000 - 0x00007ff9bbbbb000 	C:\WINDOWS\System32\WS2_32.dll
0x00007ff9b81f0000 - 0x00007ff9b8202000 	C:\WINDOWS\SYSTEM32\kernel.appcore.dll
0x00007ff9aebc0000 - 0x00007ff9aebd0000 	C:\Program Files (x86)\Java\zulu11.52.13-ca-jdk11.0.13-win_x64\bin\verify.dll
0x00007ff9ab820000 - 0x00007ff9aba04000 	C:\WINDOWS\SYSTEM32\DBGHELP.DLL
0x00007ff9ab7f0000 - 0x00007ff9ab81c000 	C:\WINDOWS\SYSTEM32\dbgcore.DLL
0x00007ff9baa40000 - 0x00007ff9baac2000 	C:\WINDOWS\System32\bcryptPrimitives.dll
0x00007ff9add40000 - 0x00007ff9add68000 	C:\Program Files (x86)\Java\zulu11.52.13-ca-jdk11.0.13-win_x64\bin\java.dll
0x00007ff9aeb90000 - 0x00007ff9aeb9a000 	C:\Program Files (x86)\Java\zulu11.52.13-ca-jdk11.0.13-win_x64\bin\jimage.dll
0x00007ff9ae550000 - 0x00007ff9ae55e000 	C:\Program Files (x86)\Java\zulu11.52.13-ca-jdk11.0.13-win_x64\bin\instrument.dll
0x00007ff9add20000 - 0x00007ff9add37000 	C:\Program Files (x86)\Java\zulu11.52.13-ca-jdk11.0.13-win_x64\bin\zip.dll

dbghelp: loaded successfully - version: 4.0.5 - missing functions: none
symbol engine: initialized successfully - sym options: 0x614 - pdb path: .;C:\Program Files (x86)\Java\zulu11.52.13-ca-jdk11.0.13-win_x64\bin;C:\WINDOWS\SYSTEM32;C:\WINDOWS\WinSxS\amd64_microsoft.windows.common-controls_6595b64144ccf1df_6.0.19041.1110_none_60b5254171f9507e;C:\Program Files (x86)\Java\zulu11.52.13-ca-jdk11.0.13-win_x64\bin\server

VM Arguments:
jvm_args: -javaagent:C:\IntelliJ IDEA Community Edition 2021.3\lib\idea_rt.jar=59359:C:\IntelliJ IDEA Community Edition 2021.3\bin -Dfile.encoding=UTF-8 
java_command: NoDuplo.Main
java_class_path (initial): C:\Users\Administrador\IdeaProjects\listaduplamenteEncadeada\out\production\listaduplamenteEncadeada
Launcher Type: SUN_STANDARD

[Global flags]
     intx CICompilerCount                          = 3                                         {product} {ergonomic}
     uint ConcGCThreads                            = 1                                         {product} {ergonomic}
     uint G1ConcRefinementThreads                  = 4                                         {product} {ergonomic}
   size_t G1HeapRegionSize                         = 1048576                                   {product} {ergonomic}
    uintx GCDrainStackTargetSize                   = 64                                        {product} {ergonomic}
   size_t InitialHeapSize                          = 65011712                                  {product} {ergonomic}
   size_t MarkStackSize                            = 4194304                                   {product} {ergonomic}
   size_t MaxHeapSize                              = 1021313024                                {product} {ergonomic}
   size_t MinHeapDeltaBytes                        = 1048576                                   {product} {ergonomic}
    uintx NonNMethodCodeHeapSize                   = 5830732                                {pd product} {ergonomic}
    uintx NonProfiledCodeHeapSize                  = 122913754                              {pd product} {ergonomic}
    uintx ProfiledCodeHeapSize                     = 122913754                              {pd product} {ergonomic}
    uintx ReservedCodeCacheSize                    = 251658240                              {pd product} {ergonomic}
     bool SegmentedCodeCache                       = true                                      {product} {ergonomic}
     bool UseCompressedClassPointers               = true                                 {lp64_product} {ergonomic}
     bool UseCompressedOops                        = true                                 {lp64_product} {ergonomic}
     bool UseG1GC                                  = true                                      {product} {ergonomic}
     bool UseLargePagesIndividualAllocation        = false                                  {pd product} {ergonomic}

Logging:
Log output configuration:
 #0: stdout all=warning uptime,level,tags
 #1: stderr all=off uptime,level,tags

Environment Variables:
JAVA_HOME=C:\Program Files (x86)\Java\zulu11.52.13-ca-jdk11.0.13-win_x64
PATH=C:\Program Files (x86)\Java\zulu11.52.13-ca-jdk11.0.13-win_x64\bin;C:\WINDOWS\system32;C:\WINDOWS;C:\WINDOWS\System32\Wbem;C:\WINDOWS\System32\WindowsPowerShell\v1.0\;C:\WINDOWS\System32\OpenSSH\;C:\ProgramData\UNIVALI\Portugol Studio;C:\Program Files\Git\cmd;C:\Users\Administrador\AppData\Local\Microsoft\WindowsApps;C:\IntelliJ IDEA Community Edition 2021.3\bin;;C:\Users\Administrador\AppData\Local\GitHubDesktop\bin;C:\Users\Administrador\AppData\Local\Programs\Microsoft VS Code\bin
USERNAME=Administrador
OS=Windows_NT
PROCESSOR_IDENTIFIER=Intel64 Family 6 Model 37 Stepping 5, GenuineIntel



---------------  S Y S T E M  ---------------

OS: Windows 10 , 64 bit Build 19041 (10.0.19041.1348)
OS uptime: 0 days 2:29 hours

CPU:total 4 (initial active 4) (2 cores per cpu, 2 threads per core) family 6 model 37 stepping 5 microcode 0x7, cmov, cx8, fxsr, mmx, sse, sse2, sse3, ssse3, sse4.1, sse4.2, popcnt, ht, tsc, tscinvbit

Memory: 4k page, system-wide physical 3893M (422M free)
TotalPageFile size 3893M (AvailPageFile size 2M)
current process WorkingSet (physical memory assigned to process): 10M, peak: 10M
current process commit charge ("private bytes"): 115M, peak: 115M

vm_info: OpenJDK 64-Bit Server VM (11.0.13+8-LTS) for windows-amd64 JRE (Zulu11.52+13-CA) (11.0.13+8-LTS), built on Oct  7 2021 16:00:23 by "zulu_re" with MS VC++ 15.9 (VS2017)

END.
